<?xml version="1.0" encoding="UTF-8"?>
<testng-results ignored="0" total="2" passed="2" failed="0" skipped="0">
  <reporter-output>
  </reporter-output>
  <suite started-at="2025-03-18T22:39:13 EDT" name="Surefire suite" finished-at="2025-03-18T22:39:21 EDT" duration-ms="7827">
    <groups>
    </groups>
    <test started-at="2025-03-18T22:39:13 EDT" name="Surefire test" finished-at="2025-03-18T22:39:21 EDT" duration-ms="7827">
      <class name="com.framework.tarun.tests.Test1">
        <test-method is-config="true" signature="openBrowser()[pri:0, instance:com.framework.tarun.tests.Test1@ef9296d]" started-at="2025-03-18T22:39:13 EDT" name="openBrowser" finished-at="2025-03-18T22:39:15 EDT" duration-ms="1963" status="PASS">
          <reporter-output>
          </reporter-output>
        </test-method> <!-- openBrowser -->
        <test-method signature="testing1()[pri:0, instance:com.framework.tarun.tests.Test1@ef9296d]" started-at="2025-03-18T22:39:15 EDT" name="testing1" finished-at="2025-03-18T22:39:19 EDT" duration-ms="3408" status="PASS">
          <reporter-output>
          </reporter-output>
        </test-method> <!-- testing1 -->
        <test-method signature="testing2()[pri:0, instance:com.framework.tarun.tests.Test1@ef9296d]" started-at="2025-03-18T22:39:19 EDT" name="testing2" finished-at="2025-03-18T22:39:20 EDT" duration-ms="818" status="PASS">
          <reporter-output>
          </reporter-output>
        </test-method> <!-- testing2 -->
        <test-method is-config="true" signature="quit()[pri:0, instance:com.framework.tarun.tests.Test1@ef9296d]" started-at="2025-03-18T22:39:20 EDT" name="quit" finished-at="2025-03-18T22:39:21 EDT" duration-ms="1597" status="PASS">
          <reporter-output>
          </reporter-output>
        </test-method> <!-- quit -->
      </class> <!-- com.framework.tarun.tests.Test1 -->
    </test> <!-- Surefire test -->
  </suite> <!-- Surefire suite -->
</testng-results>
