<?xml version="1.0" encoding="UTF-8"?>
<testng-results ignored="0" total="2" passed="2" failed="0" skipped="0">
  <reporter-output>
  </reporter-output>
  <suite started-at="2025-03-18T22:26:32 EDT" name="Surefire suite" finished-at="2025-03-18T22:26:40 EDT" duration-ms="7613">
    <groups>
    </groups>
    <test started-at="2025-03-18T22:26:32 EDT" name="Surefire test" finished-at="2025-03-18T22:26:40 EDT" duration-ms="7613">
      <class name="com.framework.tarun.tests.Test1">
        <test-method is-config="true" signature="openBrowser()[pri:0, instance:com.framework.tarun.tests.Test1@ef9296d]" started-at="2025-03-18T22:26:32 EDT" name="openBrowser" finished-at="2025-03-18T22:26:35 EDT" duration-ms="2650" status="PASS">
          <reporter-output>
          </reporter-output>
        </test-method> <!-- openBrowser -->
        <test-method signature="testing1()[pri:0, instance:com.framework.tarun.tests.Test1@ef9296d]" started-at="2025-03-18T22:26:35 EDT" name="testing1" finished-at="2025-03-18T22:26:38 EDT" duration-ms="3487" status="PASS">
          <reporter-output>
          </reporter-output>
        </test-method> <!-- testing1 -->
        <test-method signature="testing2()[pri:0, instance:com.framework.tarun.tests.Test1@ef9296d]" started-at="2025-03-18T22:26:38 EDT" name="testing2" finished-at="2025-03-18T22:26:39 EDT" duration-ms="816" status="PASS">
          <reporter-output>
          </reporter-output>
        </test-method> <!-- testing2 -->
        <test-method is-config="true" signature="quit()[pri:0, instance:com.framework.tarun.tests.Test1@ef9296d]" started-at="2025-03-18T22:26:39 EDT" name="quit" finished-at="2025-03-18T22:26:40 EDT" duration-ms="610" status="PASS">
          <reporter-output>
          </reporter-output>
        </test-method> <!-- quit -->
      </class> <!-- com.framework.tarun.tests.Test1 -->
    </test> <!-- Surefire test -->
  </suite> <!-- Surefire suite -->
</testng-results>
