<?xml version="1.0" encoding="UTF-8"?>
<testng-results ignored="0" total="2" passed="2" failed="0" skipped="0">
  <reporter-output>
  </reporter-output>
  <suite started-at="2025-03-11T22:13:58 EDT" name="Suite" finished-at="2025-03-11T22:14:03 EDT" duration-ms="5548">
    <groups>
    </groups>
    <test started-at="2025-03-11T22:13:58 EDT" name="Test1" finished-at="2025-03-11T22:14:03 EDT" duration-ms="5548">
      <class name="com.framework.tarun.tests.Test1">
        <test-method is-config="true" signature="openBrowser()[pri:0, instance:com.framework.tarun.tests.Test1@1f2586d6]" started-at="2025-03-11T22:13:58 EDT" name="openBrowser" finished-at="2025-03-11T22:14:00 EDT" duration-ms="2219" status="PASS">
          <reporter-output>
          </reporter-output>
        </test-method> <!-- openBrowser -->
        <test-method signature="testing1()[pri:0, instance:com.framework.tarun.tests.Test1@1f2586d6]" started-at="2025-03-11T22:14:00 EDT" name="testing1" finished-at="2025-03-11T22:14:01 EDT" duration-ms="1166" status="PASS">
          <reporter-output>
          </reporter-output>
        </test-method> <!-- testing1 -->
        <test-method signature="testing2()[pri:0, instance:com.framework.tarun.tests.Test1@1f2586d6]" started-at="2025-03-11T22:14:01 EDT" name="testing2" finished-at="2025-03-11T22:14:02 EDT" duration-ms="778" status="PASS">
          <reporter-output>
          </reporter-output>
        </test-method> <!-- testing2 -->
        <test-method is-config="true" signature="quit()[pri:0, instance:com.framework.tarun.tests.Test1@1f2586d6]" started-at="2025-03-11T22:14:02 EDT" name="quit" finished-at="2025-03-11T22:14:03 EDT" duration-ms="1337" status="PASS">
          <reporter-output>
          </reporter-output>
        </test-method> <!-- quit -->
      </class> <!-- com.framework.tarun.tests.Test1 -->
    </test> <!-- Test1 -->
  </suite> <!-- Suite -->
</testng-results>
