<?xml version="1.0" encoding="UTF-8"?>
<testng-results ignored="0" total="2" passed="2" failed="0" skipped="0">
  <reporter-output>
  </reporter-output>
  <suite started-at="2025-03-19T13:49:35 EDT" name="Default suite" finished-at="2025-03-19T13:49:45 EDT" duration-ms="10558">
    <groups>
    </groups>
    <test started-at="2025-03-19T13:49:35 EDT" name="Default test" finished-at="2025-03-19T13:49:45 EDT" duration-ms="10558">
      <class name="com.framework.tarun.tests.Test1">
        <test-method is-config="true" signature="openBrowser()[pri:0, instance:com.framework.tarun.tests.Test1@2362f559]" started-at="2025-03-19T13:49:35 EDT" name="openBrowser" finished-at="2025-03-19T13:49:37 EDT" duration-ms="1925" status="PASS">
          <reporter-output>
          </reporter-output>
        </test-method> <!-- openBrowser -->
        <test-method signature="login()[pri:0, instance:com.framework.tarun.tests.Test1@2362f559]" started-at="2025-03-19T13:49:37 EDT" name="login" finished-at="2025-03-19T13:49:38 EDT" duration-ms="952" status="PASS">
          <reporter-output>
          </reporter-output>
        </test-method> <!-- login -->
        <test-method signature="signUp()[pri:0, instance:com.framework.tarun.tests.Test1@2362f559]" started-at="2025-03-19T13:49:38 EDT" name="signUp" finished-at="2025-03-19T13:49:45 EDT" duration-ms="6968" status="PASS">
          <reporter-output>
          </reporter-output>
        </test-method> <!-- signUp -->
        <test-method is-config="true" signature="quit()[pri:0, instance:com.framework.tarun.tests.Test1@2362f559]" started-at="2025-03-19T13:49:45 EDT" name="quit" finished-at="2025-03-19T13:49:45 EDT" duration-ms="663" status="PASS">
          <reporter-output>
          </reporter-output>
        </test-method> <!-- quit -->
      </class> <!-- com.framework.tarun.tests.Test1 -->
    </test> <!-- Default test -->
  </suite> <!-- Default suite -->
</testng-results>
